<?xml version="1.0" encoding="UTF-8"?>
<!-- Generated by org.testng.reporters.JUnitXMLReporter -->
<testsuite ignored="0" hostname="LAPTOP-669LVGAV" failures="0" tests="5" name="Default test" time="159.936" errors="0" timestamp="2023-08-10T12:34:10 IST">
  <testcase classname="test.Logintest" name="test1" time="14.668"/>
  <testcase classname="test.Clinictest" name="test2" time="28.029"/>
  <testcase classname="test.Carttest" name="test3" time="25.648"/>
  <testcase classname="test.Servicestest" name="test4" time="10.225"/>
  <testcase classname="test.Contacttest" name="test5" time="65.062"/>
</testsuite> <!-- Default test -->
