<?xml version="1.0" encoding="UTF-8"?>
<testng-results ignored="0" total="5" passed="5" failed="0" skipped="0">
  <reporter-output>
  </reporter-output>
  <suite started-at="2023-08-10T12:31:30 IST" name="Default suite" finished-at="2023-08-10T12:34:10 IST" duration-ms="159936">
    <groups>
    </groups>
    <test started-at="2023-08-10T12:31:30 IST" name="Default test" finished-at="2023-08-10T12:34:10 IST" duration-ms="159936">
      <class name="test.Contacttest">
        <test-method is-config="true" signature="setup()[pri:0, instance:test.Contacttest@5d0a1059]" started-at="2023-08-10T12:31:30 IST" name="setup" finished-at="2023-08-10T12:31:46 IST" duration-ms="15748" status="PASS">
          <reporter-output>
          </reporter-output>
        </test-method> <!-- setup -->
        <test-method signature="test1()[pri:1, instance:test.Contacttest@5d0a1059]" started-at="2023-08-10T12:31:46 IST" name="test1" finished-at="2023-08-10T12:32:00 IST" duration-ms="14668" status="PASS">
          <reporter-output>
          </reporter-output>
        </test-method> <!-- test1 -->
        <test-method signature="test2()[pri:2, instance:test.Contacttest@5d0a1059]" started-at="2023-08-10T12:32:00 IST" name="test2" finished-at="2023-08-10T12:32:28 IST" duration-ms="28029" status="PASS">
          <reporter-output>
          </reporter-output>
        </test-method> <!-- test2 -->
        <test-method signature="test3()[pri:3, instance:test.Contacttest@5d0a1059]" started-at="2023-08-10T12:32:28 IST" name="test3" finished-at="2023-08-10T12:32:54 IST" duration-ms="25648" status="PASS">
          <reporter-output>
          </reporter-output>
        </test-method> <!-- test3 -->
        <test-method signature="test4()[pri:4, instance:test.Contacttest@5d0a1059]" started-at="2023-08-10T12:32:54 IST" name="test4" finished-at="2023-08-10T12:33:04 IST" duration-ms="10225" status="PASS">
          <reporter-output>
          </reporter-output>
        </test-method> <!-- test4 -->
        <test-method signature="test5()[pri:5, instance:test.Contacttest@5d0a1059]" started-at="2023-08-10T12:33:04 IST" name="test5" finished-at="2023-08-10T12:34:09 IST" duration-ms="65062" status="PASS">
          <reporter-output>
          </reporter-output>
        </test-method> <!-- test5 -->
        <test-method is-config="true" signature="teardown()[pri:0, instance:test.Contacttest@5d0a1059]" started-at="2023-08-10T12:34:09 IST" name="teardown" finished-at="2023-08-10T12:34:10 IST" duration-ms="493" status="PASS">
          <reporter-output>
          </reporter-output>
        </test-method> <!-- teardown -->
      </class> <!-- test.Contacttest -->
    </test> <!-- Default test -->
  </suite> <!-- Default suite -->
</testng-results>
